INFO:root:Line 4: Command MODE not supported
INFO:root:Line 7: Command PFIL not supported
INFO:root:Line 8: Command LANG not supported
INFO:root:Line 11: Command ENVD not supported
INFO:root:Line 12: Command GFAC not supported
INFO:root:glass catalog class SCHOTTCatalog not found
INFO:root:glass catalog class OHARACatalog not found
INFO:root:glass catalog module opticalglass.misc not found
INFO:root:glass catalog module opticalglass.corning not found
INFO:root:glass catalog module opticalglass.infrared not found
INFO:root:Line 14: Command SDMA not supported
INFO:root:Line 17: Command ROPD not supported
INFO:root:Line 19: Command PICB not supported
INFO:root:Line 24: Command PWAV not supported
INFO:root:Line 25: Command GLRS not supported
INFO:root:Line 27: Command FIMP not supported
INFO:root:Line 33: Command COMM not supported
INFO:root:Line 35: Command FIMP not supported
INFO:root:Line 38: Command COAT not supported
INFO:root:Line 44: Command CLAP not supported
INFO:root:Line 46: Command FIMP not supported
INFO:root:Line 56: Command FIMP not supported
INFO:root:Line 59: Command COAT not supported
INFO:root:Line 61: Command MAZH not supported
INFO:root:Line 65: Command CLAP not supported
INFO:root:Line 67: Command FIMP not supported
INFO:root:mat = n:1.670, , <class 'opticalglass.opticalmedium.ConstantIndex'>
INFO:root:Line 4: Command MODE not supported
INFO:root:Line 6: Command PFIL not supported
INFO:root:Line 7: Command LANG not supported
INFO:root:Line 10: Command ENVD not supported
INFO:root:Line 11: Command GFAC not supported
INFO:root:Line 13: Command SDMA not supported
INFO:root:Line 16: Command ROPD not supported
INFO:root:Line 18: Command PICB not supported
INFO:root:Line 25: Command PWAV not supported
INFO:root:Line 26: Command GLRS not supported
INFO:root:Line 27: Command COFN not supported
INFO:root:Line 29: Command FIMP not supported
INFO:root:Line 35: Command COMM not supported
INFO:root:Line 37: Command FIMP not supported
INFO:root:Line 40: Command COAT not supported
INFO:root:Line 47: Command FIMP not supported
INFO:root:Line 56: Command FIMP not supported
INFO:root:Line 66: Command FIMP not supported
INFO:root:Line 82: Command FIMP not supported
INFO:root:Line 4: Command MODE not supported
INFO:root:Line 7: Command PFIL not supported
INFO:root:Line 8: Command LANG not supported
INFO:root:Line 11: Command ENVD not supported
INFO:root:Line 12: Command GFAC not supported
INFO:root:glass catalog module opticalglass.misc not found
INFO:root:glass catalog module opticalglass.corning not found
INFO:root:glass catalog module opticalglass.infrared not found
INFO:root:Line 14: Command SDMA not supported
INFO:root:Line 17: Command ROPD not supported
INFO:root:Line 19: Command PICB not supported
INFO:root:Line 24: Command PWAV not supported
INFO:root:Line 25: Command GLRS not supported
INFO:root:Line 27: Command FIMP not supported
INFO:root:Line 33: Command COMM not supported
INFO:root:Line 35: Command FIMP not supported
INFO:root:Line 38: Command COAT not supported
INFO:root:Line 44: Command CLAP not supported
INFO:root:Line 46: Command FIMP not supported
INFO:root:Line 56: Command FIMP not supported
INFO:root:Line 59: Command COAT not supported
INFO:root:Line 61: Command MAZH not supported
INFO:root:Line 65: Command CLAP not supported
INFO:root:Line 67: Command FIMP not supported
INFO:root:mat = n:1.670, , <class 'opticalglass.opticalmedium.ConstantIndex'>
INFO:root:Line 4: Command MODE not supported
INFO:root:Line 6: Command PFIL not supported
INFO:root:Line 7: Command LANG not supported
INFO:root:Line 10: Command ENVD not supported
INFO:root:Line 11: Command GFAC not supported
INFO:root:Line 13: Command SDMA not supported
INFO:root:Line 16: Command ROPD not supported
INFO:root:Line 18: Command PICB not supported
INFO:root:Line 25: Command PWAV not supported
INFO:root:Line 26: Command GLRS not supported
INFO:root:Line 27: Command COFN not supported
INFO:root:Line 29: Command FIMP not supported
INFO:root:Line 35: Command COMM not supported
INFO:root:Line 37: Command FIMP not supported
INFO:root:Line 40: Command COAT not supported
INFO:root:Line 47: Command FIMP not supported
INFO:root:Line 56: Command FIMP not supported
INFO:root:Line 66: Command FIMP not supported
INFO:root:Line 82: Command FIMP not supported
